2020-04-07 08:20:27.895 INFO [main] [com.cts.pages.MenuPage] [tc05_the_user_launch_the_chrome_application] [com.cts.Stepdefinition.MenuStepdef.tc05_the_user_launch_the_chrome_application(MenuStepdef.java:30)] - browser opens
2020-04-07 08:20:28.983 INFO [main] [com.cts.pages.MenuPage] [tc05_the_user_open_the_saucedemo_home_page] [com.cts.Stepdefinition.MenuStepdef.tc05_the_user_open_the_saucedemo_home_page(MenuStepdef.java:37)] - website opens
2020-04-07 08:26:54.158 INFO [main] [com.cts.pages.LoginPage] [the_user_launch_the_chrome_application] [com.cts.Stepdefinition.LoginStepdef.the_user_launch_the_chrome_application(LoginStepdef.java:28)] - browser opens
2020-04-07 08:26:57.047 INFO [main] [com.cts.pages.LoginPage] [the_user_open_the_saucedemo_home_page] [com.cts.Stepdefinition.LoginStepdef.the_user_open_the_saucedemo_home_page(LoginStepdef.java:35)] - website opens
2020-04-07 08:26:57.131 DEBUG [main] [com.cts.pages.LoginPage] [the_user_login_using_and] [com.cts.Stepdefinition.LoginStepdef.the_user_login_using_and(LoginStepdef.java:42)] - enter username and password
2020-04-07 08:27:04.591 INFO [main] [com.cts.pages.LoginPage] [click_on_the_login_button_user_nagivate_to_the_next_page] [com.cts.Stepdefinition.LoginStepdef.click_on_the_login_button_user_nagivate_to_the_next_page(LoginStepdef.java:51)] - login successfully
2020-04-07 08:27:05.170 ERROR [main] [com.cts.pages.LoginPage] [click_on_the_login_button_user_nagivate_to_the_next_page] [com.cts.Stepdefinition.LoginStepdef.click_on_the_login_button_user_nagivate_to_the_next_page(LoginStepdef.java:54)] - browser is closed
2020-04-07 10:05:17.487 INFO [main] [com.cts.pages.LoginPage] [the_user_launch_the_chrome_application] [com.cts.Stepdefinition.LoginStepdef.the_user_launch_the_chrome_application(LoginStepdef.java:28)] - browser opens
2020-04-07 10:05:23.222 INFO [main] [com.cts.pages.LoginPage] [the_user_open_the_saucedemo_home_page] [com.cts.Stepdefinition.LoginStepdef.the_user_open_the_saucedemo_home_page(LoginStepdef.java:35)] - website opens
2020-04-07 10:05:23.236 DEBUG [main] [com.cts.pages.LoginPage] [the_user_login_using_and] [com.cts.Stepdefinition.LoginStepdef.the_user_login_using_and(LoginStepdef.java:42)] - enter username and password
2020-04-07 10:05:56.541 INFO [main] [com.cts.pages.LoginPage] [click_on_the_login_button_user_nagivate_to_the_next_page] [com.cts.Stepdefinition.LoginStepdef.click_on_the_login_button_user_nagivate_to_the_next_page(LoginStepdef.java:51)] - login successfully
2020-04-07 10:05:57.921 ERROR [main] [com.cts.pages.LoginPage] [click_on_the_login_button_user_nagivate_to_the_next_page] [com.cts.Stepdefinition.LoginStepdef.click_on_the_login_button_user_nagivate_to_the_next_page(LoginStepdef.java:54)] - browser is closed
2020-04-07 10:06:17.815 INFO [main] [com.cts.pages.SelectPriceRange] [tc02_the_user_launch_the_chrome_application] [com.cts.Stepdefinition.PriceRangeStepdef.tc02_the_user_launch_the_chrome_application(PriceRangeStepdef.java:30)] - browser opens
2020-04-07 10:06:23.758 INFO [main] [com.cts.pages.SelectPriceRange] [tc02_the_user_open_the_saucedemo_home_page] [com.cts.Stepdefinition.PriceRangeStepdef.tc02_the_user_open_the_saucedemo_home_page(PriceRangeStepdef.java:37)] - website opens
2020-04-07 10:06:38.181 INFO [main] [com.cts.pages.SelectPriceRange] [tc02_click_on_the_login_button_user_nagivate_to_the_next_page] [com.cts.Stepdefinition.PriceRangeStepdef.tc02_click_on_the_login_button_user_nagivate_to_the_next_page(PriceRangeStepdef.java:51)] - login successfully
2020-04-07 10:06:38.368 INFO [main] [com.cts.pages.SelectPriceRange] [tc02_select_the_price_range_from_low_to_high] [com.cts.Stepdefinition.PriceRangeStepdef.tc02_select_the_price_range_from_low_to_high(PriceRangeStepdef.java:57)] - Price is Selected
2020-04-07 10:06:38.856 ERROR [main] [com.cts.pages.SelectPriceRange] [tc02_select_the_price_range_from_low_to_high] [com.cts.Stepdefinition.PriceRangeStepdef.tc02_select_the_price_range_from_low_to_high(PriceRangeStepdef.java:60)] - browser is closed
2020-04-07 10:06:45.775 INFO [main] [com.cts.pages.SelectProductPage] [tc03_the_user_launch_the_chrome_application] [com.cts.Stepdefinition.SelectProductStepdef.tc03_the_user_launch_the_chrome_application(SelectProductStepdef.java:30)] - browser opens
2020-04-07 10:06:50.857 INFO [main] [com.cts.pages.SelectProductPage] [tc03_the_user_open_the_saucedemo_home_page] [com.cts.Stepdefinition.SelectProductStepdef.tc03_the_user_open_the_saucedemo_home_page(SelectProductStepdef.java:36)] - website opens
2020-04-07 10:07:21.219 INFO [main] [com.cts.pages.SelectProductPage] [tc03_click_on_the_login_button_user_nagivate_to_the_next_page] [com.cts.Stepdefinition.SelectProductStepdef.tc03_click_on_the_login_button_user_nagivate_to_the_next_page(SelectProductStepdef.java:51)] - login successfully
2020-04-07 10:07:22.790 INFO [main] [com.cts.pages.SelectProductPage] [tc03_the_user_select_the_product] [com.cts.Stepdefinition.SelectProductStepdef.tc03_the_user_select_the_product(SelectProductStepdef.java:57)] - Product is Selected
2020-04-07 10:07:23.155 INFO [main] [com.cts.pages.SelectProductPage] [tc03_adds_the_product_to_add_cart] [com.cts.Stepdefinition.SelectProductStepdef.tc03_adds_the_product_to_add_cart(SelectProductStepdef.java:63)] - Product is added to cart
2020-04-07 10:07:23.751 ERROR [main] [com.cts.pages.SelectProductPage] [tc03_adds_the_product_to_add_cart] [com.cts.Stepdefinition.SelectProductStepdef.tc03_adds_the_product_to_add_cart(SelectProductStepdef.java:66)] - browser is closed
2020-04-07 10:07:29.808 INFO [main] [com.cts.pages.VerifyPage] [tc04_the_user_launch_the_chrome_application] [com.cts.Stepdefinition.VerifyStepdef.tc04_the_user_launch_the_chrome_application(VerifyStepdef.java:29)] - browser opens
2020-04-07 10:07:34.905 INFO [main] [com.cts.pages.VerifyPage] [tc04_the_user_open_the_saucedemo_home_page] [com.cts.Stepdefinition.VerifyStepdef.tc04_the_user_open_the_saucedemo_home_page(VerifyStepdef.java:35)] - website opens
2020-04-07 10:07:49.888 INFO [main] [com.cts.pages.VerifyPage] [tc04_click_on_the_login_button_user_nagivate_to_the_next_page] [com.cts.Stepdefinition.VerifyStepdef.tc04_click_on_the_login_button_user_nagivate_to_the_next_page(VerifyStepdef.java:49)] - login successfully
2020-04-07 10:07:52.074 INFO [main] [com.cts.pages.VerifyPage] [tc04_the_user_select_the_product_and_add_to_cart] [com.cts.Stepdefinition.VerifyStepdef.tc04_the_user_select_the_product_and_add_to_cart(VerifyStepdef.java:55)] - Product is selected and added to cart
2020-04-07 10:07:54.472 INFO [main] [com.cts.pages.VerifyPage] [tc04_check_product_is_added_to_cart_or_not] [com.cts.Stepdefinition.VerifyStepdef.tc04_check_product_is_added_to_cart_or_not(VerifyStepdef.java:61)] - Product is added
2020-04-07 10:07:55.153 ERROR [main] [com.cts.pages.VerifyPage] [tc04_check_product_is_added_to_cart_or_not] [com.cts.Stepdefinition.VerifyStepdef.tc04_check_product_is_added_to_cart_or_not(VerifyStepdef.java:64)] - browser is closed
2020-04-07 10:08:59.000 INFO [main] [com.cts.pages.LogoutPage] [tc06_the_user_launch_the_chrome_application] [com.cts.Stepdefinition.LogoutStepdef.tc06_the_user_launch_the_chrome_application(LogoutStepdef.java:30)] - browser opens
2020-04-07 10:09:05.957 INFO [main] [com.cts.pages.LogoutPage] [tc06_the_user_open_the_saucedemo_home_page] [com.cts.Stepdefinition.LogoutStepdef.tc06_the_user_open_the_saucedemo_home_page(LogoutStepdef.java:37)] - website opens
2020-04-07 10:09:22.707 INFO [main] [com.cts.pages.LogoutPage] [tc06_click_on_the_login_button_user_nagivate_to_the_next_page] [com.cts.Stepdefinition.LogoutStepdef.tc06_click_on_the_login_button_user_nagivate_to_the_next_page(LogoutStepdef.java:52)] - login successfully
2020-04-07 10:09:23.242 INFO [main] [com.cts.pages.LogoutPage] [tc06_user_opens_the_menu] [com.cts.Stepdefinition.LogoutStepdef.tc06_user_opens_the_menu(LogoutStepdef.java:58)] - menu opened
2020-04-07 10:09:26.090 ERROR [main] [com.cts.pages.LogoutPage] [tc06_user_click_on_logout] [com.cts.Stepdefinition.LogoutStepdef.tc06_user_click_on_logout(LogoutStepdef.java:67)] - browser is closed
2020-04-07 10:31:31.352 INFO [main] [com.cts.pages.LogoutPage] [tc06_the_user_launch_the_chrome_application] [com.cts.Stepdefinition.LogoutStepdef.tc06_the_user_launch_the_chrome_application(LogoutStepdef.java:30)] - browser opens
2020-04-07 10:31:35.147 INFO [main] [com.cts.pages.LogoutPage] [tc06_the_user_open_the_saucedemo_home_page] [com.cts.Stepdefinition.LogoutStepdef.tc06_the_user_open_the_saucedemo_home_page(LogoutStepdef.java:37)] - website opens
2020-04-07 10:33:08.862 INFO [main] [com.cts.pages.LogoutPage] [tc06_the_user_launch_the_chrome_application] [com.cts.Stepdefinition.LogoutStepdef.tc06_the_user_launch_the_chrome_application(LogoutStepdef.java:30)] - browser opens
2020-04-07 10:33:21.212 INFO [main] [com.cts.pages.LogoutPage] [tc06_the_user_open_the_saucedemo_home_page] [com.cts.Stepdefinition.LogoutStepdef.tc06_the_user_open_the_saucedemo_home_page(LogoutStepdef.java:37)] - website opens
2020-04-07 10:34:39.627 INFO [main] [com.cts.pages.LogoutPage] [tc06_click_on_the_login_button_user_nagivate_to_the_next_page] [com.cts.Stepdefinition.LogoutStepdef.tc06_click_on_the_login_button_user_nagivate_to_the_next_page(LogoutStepdef.java:52)] - login successfully
2020-04-07 10:34:40.412 INFO [main] [com.cts.pages.LogoutPage] [tc06_user_opens_the_menu] [com.cts.Stepdefinition.LogoutStepdef.tc06_user_opens_the_menu(LogoutStepdef.java:58)] - menu opened
2020-04-07 11:55:01.158 INFO [main] [com.cts.pages.LoginPage] [the_user_launch_the_chrome_application] [com.cts.Stepdefinition.LoginStepdef.the_user_launch_the_chrome_application(LoginStepdef.java:28)] - browser opens
2020-04-07 11:55:07.163 INFO [main] [com.cts.pages.LoginPage] [the_user_open_the_saucedemo_home_page] [com.cts.Stepdefinition.LoginStepdef.the_user_open_the_saucedemo_home_page(LoginStepdef.java:35)] - website opens
2020-04-07 11:55:07.170 DEBUG [main] [com.cts.pages.LoginPage] [the_user_login_using_and] [com.cts.Stepdefinition.LoginStepdef.the_user_login_using_and(LoginStepdef.java:42)] - enter username and password
2020-04-07 11:55:33.508 INFO [main] [com.cts.pages.LoginPage] [click_on_the_login_button_user_nagivate_to_the_next_page] [com.cts.Stepdefinition.LoginStepdef.click_on_the_login_button_user_nagivate_to_the_next_page(LoginStepdef.java:51)] - login successfully
2020-04-07 11:55:34.065 ERROR [main] [com.cts.pages.LoginPage] [click_on_the_login_button_user_nagivate_to_the_next_page] [com.cts.Stepdefinition.LoginStepdef.click_on_the_login_button_user_nagivate_to_the_next_page(LoginStepdef.java:54)] - browser is closed
2020-04-07 11:57:06.706 INFO [main] [com.cts.pages.SelectPriceRange] [tc02_the_user_launch_the_chrome_application] [com.cts.Stepdefinition.PriceRangeStepdef.tc02_the_user_launch_the_chrome_application(PriceRangeStepdef.java:30)] - browser opens
2020-04-07 11:57:14.304 INFO [main] [com.cts.pages.SelectPriceRange] [tc02_the_user_open_the_saucedemo_home_page] [com.cts.Stepdefinition.PriceRangeStepdef.tc02_the_user_open_the_saucedemo_home_page(PriceRangeStepdef.java:37)] - website opens
2020-04-07 11:58:41.974 INFO [main] [com.cts.pages.SelectPriceRange] [tc02_click_on_the_login_button_user_nagivate_to_the_next_page] [com.cts.Stepdefinition.PriceRangeStepdef.tc02_click_on_the_login_button_user_nagivate_to_the_next_page(PriceRangeStepdef.java:51)] - login successfully
2020-04-07 11:58:42.152 INFO [main] [com.cts.pages.SelectPriceRange] [tc02_select_the_price_range_from_low_to_high] [com.cts.Stepdefinition.PriceRangeStepdef.tc02_select_the_price_range_from_low_to_high(PriceRangeStepdef.java:57)] - Price is Selected
2020-04-07 11:58:42.655 ERROR [main] [com.cts.pages.SelectPriceRange] [tc02_select_the_price_range_from_low_to_high] [com.cts.Stepdefinition.PriceRangeStepdef.tc02_select_the_price_range_from_low_to_high(PriceRangeStepdef.java:60)] - browser is closed
2020-04-07 12:53:09.778 INFO [main] [com.cts.pages.LoginPage] [the_user_launch_the_chrome_application] [com.cts.Stepdefinition.LoginStepdef.the_user_launch_the_chrome_application(LoginStepdef.java:28)] - browser opens
2020-04-07 12:53:18.875 INFO [main] [com.cts.pages.LoginPage] [the_user_open_the_saucedemo_home_page] [com.cts.Stepdefinition.LoginStepdef.the_user_open_the_saucedemo_home_page(LoginStepdef.java:35)] - website opens
2020-04-07 12:53:18.883 DEBUG [main] [com.cts.pages.LoginPage] [the_user_login_using_and] [com.cts.Stepdefinition.LoginStepdef.the_user_login_using_and(LoginStepdef.java:42)] - enter username and password
2020-04-07 12:54:54.751 INFO [main] [com.cts.pages.LoginPage] [click_on_the_login_button_user_nagivate_to_the_next_page] [com.cts.Stepdefinition.LoginStepdef.click_on_the_login_button_user_nagivate_to_the_next_page(LoginStepdef.java:51)] - login successfully
2020-04-07 12:54:55.207 ERROR [main] [com.cts.pages.LoginPage] [click_on_the_login_button_user_nagivate_to_the_next_page] [com.cts.Stepdefinition.LoginStepdef.click_on_the_login_button_user_nagivate_to_the_next_page(LoginStepdef.java:54)] - browser is closed
2020-04-07 13:05:02.832 INFO [main] [com.cts.pages.LoginPage] [the_user_launch_the_chrome_application] [com.cts.Stepdefinition.LoginStepdef.the_user_launch_the_chrome_application(LoginStepdef.java:28)] - browser opens
2020-04-07 13:05:10.148 INFO [main] [com.cts.pages.LoginPage] [the_user_open_the_saucedemo_home_page] [com.cts.Stepdefinition.LoginStepdef.the_user_open_the_saucedemo_home_page(LoginStepdef.java:35)] - website opens
2020-04-07 13:05:10.155 DEBUG [main] [com.cts.pages.LoginPage] [the_user_login_using_and] [com.cts.Stepdefinition.LoginStepdef.the_user_login_using_and(LoginStepdef.java:42)] - enter username and password
2020-04-07 13:07:00.785 INFO [main] [com.cts.pages.LoginPage] [click_on_the_login_button_user_nagivate_to_the_next_page] [com.cts.Stepdefinition.LoginStepdef.click_on_the_login_button_user_nagivate_to_the_next_page(LoginStepdef.java:51)] - login successfully
2020-04-07 13:07:01.295 ERROR [main] [com.cts.pages.LoginPage] [click_on_the_login_button_user_nagivate_to_the_next_page] [com.cts.Stepdefinition.LoginStepdef.click_on_the_login_button_user_nagivate_to_the_next_page(LoginStepdef.java:54)] - browser is closed
2020-04-07 13:07:28.055 INFO [main] [com.cts.pages.LoginPage] [the_user_launch_the_chrome_application] [com.cts.Stepdefinition.LoginStepdef.the_user_launch_the_chrome_application(LoginStepdef.java:28)] - browser opens
2020-04-07 13:07:37.320 INFO [main] [com.cts.pages.LoginPage] [the_user_open_the_saucedemo_home_page] [com.cts.Stepdefinition.LoginStepdef.the_user_open_the_saucedemo_home_page(LoginStepdef.java:35)] - website opens
2020-04-07 13:07:37.333 DEBUG [main] [com.cts.pages.LoginPage] [the_user_login_using_and] [com.cts.Stepdefinition.LoginStepdef.the_user_login_using_and(LoginStepdef.java:42)] - enter username and password
2020-04-07 13:07:54.129 INFO [main] [com.cts.pages.LoginPage] [click_on_the_login_button_user_nagivate_to_the_next_page] [com.cts.Stepdefinition.LoginStepdef.click_on_the_login_button_user_nagivate_to_the_next_page(LoginStepdef.java:51)] - login successfully
2020-04-07 13:08:39.716 INFO [main] [com.cts.pages.LoginPage] [the_user_launch_the_chrome_application] [com.cts.Stepdefinition.LoginStepdef.the_user_launch_the_chrome_application(LoginStepdef.java:28)] - browser opens
2020-04-07 13:08:49.558 INFO [main] [com.cts.pages.LoginPage] [the_user_open_the_saucedemo_home_page] [com.cts.Stepdefinition.LoginStepdef.the_user_open_the_saucedemo_home_page(LoginStepdef.java:35)] - website opens
2020-04-07 13:08:49.565 DEBUG [main] [com.cts.pages.LoginPage] [the_user_login_using_and] [com.cts.Stepdefinition.LoginStepdef.the_user_login_using_and(LoginStepdef.java:42)] - enter username and password
2020-04-07 13:10:19.465 INFO [main] [com.cts.pages.LoginPage] [click_on_the_login_button_user_nagivate_to_the_next_page] [com.cts.Stepdefinition.LoginStepdef.click_on_the_login_button_user_nagivate_to_the_next_page(LoginStepdef.java:51)] - login successfully
2020-04-07 13:10:20.114 ERROR [main] [com.cts.pages.LoginPage] [click_on_the_login_button_user_nagivate_to_the_next_page] [com.cts.Stepdefinition.LoginStepdef.click_on_the_login_button_user_nagivate_to_the_next_page(LoginStepdef.java:54)] - browser is closed
2020-04-07 13:11:50.089 INFO [main] [com.cts.pages.SelectProductPage] [tc03_the_user_launch_the_chrome_application] [com.cts.Stepdefinition.SelectProductStepdef.tc03_the_user_launch_the_chrome_application(SelectProductStepdef.java:30)] - browser opens
2020-04-07 13:12:05.386 INFO [main] [com.cts.pages.SelectProductPage] [tc03_the_user_open_the_saucedemo_home_page] [com.cts.Stepdefinition.SelectProductStepdef.tc03_the_user_open_the_saucedemo_home_page(SelectProductStepdef.java:36)] - website opens
2020-04-07 13:12:58.034 INFO [main] [com.cts.pages.SelectProductPage] [tc03_click_on_the_login_button_user_nagivate_to_the_next_page] [com.cts.Stepdefinition.SelectProductStepdef.tc03_click_on_the_login_button_user_nagivate_to_the_next_page(SelectProductStepdef.java:51)] - login successfully
2020-04-07 13:12:59.334 INFO [main] [com.cts.pages.SelectProductPage] [tc03_the_user_select_the_product] [com.cts.Stepdefinition.SelectProductStepdef.tc03_the_user_select_the_product(SelectProductStepdef.java:57)] - Product is Selected
2020-04-07 13:12:59.494 INFO [main] [com.cts.pages.SelectProductPage] [tc03_adds_the_product_to_add_cart] [com.cts.Stepdefinition.SelectProductStepdef.tc03_adds_the_product_to_add_cart(SelectProductStepdef.java:63)] - Product is added to cart
2020-04-07 13:13:00.026 ERROR [main] [com.cts.pages.SelectProductPage] [tc03_adds_the_product_to_add_cart] [com.cts.Stepdefinition.SelectProductStepdef.tc03_adds_the_product_to_add_cart(SelectProductStepdef.java:66)] - browser is closed
2020-04-07 14:33:37.588 INFO [main] [com.cts.pages.LogoutPage] [tc06_the_user_launch_the_chrome_application] [com.cts.Stepdefinition.LogoutStepdef.tc06_the_user_launch_the_chrome_application(LogoutStepdef.java:30)] - browser opens
2020-04-07 14:33:51.588 INFO [main] [com.cts.pages.LogoutPage] [tc06_the_user_open_the_saucedemo_home_page] [com.cts.Stepdefinition.LogoutStepdef.tc06_the_user_open_the_saucedemo_home_page(LogoutStepdef.java:37)] - website opens
2020-04-07 14:34:33.379 INFO [main] [com.cts.pages.LogoutPage] [tc06_click_on_the_login_button_user_nagivate_to_the_next_page] [com.cts.Stepdefinition.LogoutStepdef.tc06_click_on_the_login_button_user_nagivate_to_the_next_page(LogoutStepdef.java:52)] - login successfully
2020-04-07 14:34:34.260 INFO [main] [com.cts.pages.LogoutPage] [tc06_user_opens_the_menu] [com.cts.Stepdefinition.LogoutStepdef.tc06_user_opens_the_menu(LogoutStepdef.java:58)] - menu opened
2020-04-07 14:50:44.458 INFO [main] [com.cts.pages.LoginPage] [the_user_launch_the_chrome_application] [com.cts.Stepdefinition.LoginStepdef.the_user_launch_the_chrome_application(LoginStepdef.java:28)] - browser opens
2020-04-07 14:50:57.417 INFO [main] [com.cts.pages.LoginPage] [the_user_open_the_saucedemo_home_page] [com.cts.Stepdefinition.LoginStepdef.the_user_open_the_saucedemo_home_page(LoginStepdef.java:35)] - website opens
2020-04-07 14:50:57.428 DEBUG [main] [com.cts.pages.LoginPage] [the_user_login_using_and] [com.cts.Stepdefinition.LoginStepdef.the_user_login_using_and(LoginStepdef.java:42)] - enter username and password
2020-04-07 15:39:38.555 INFO [main] [com.cts.pages.LoginPage] [the_user_launch_the_chrome_application] [com.cts.Stepdefinition.LoginStepdef.the_user_launch_the_chrome_application(LoginStepdef.java:28)] - browser opens
2020-04-07 15:39:46.073 INFO [main] [com.cts.pages.LoginPage] [the_user_open_the_saucedemo_home_page] [com.cts.Stepdefinition.LoginStepdef.the_user_open_the_saucedemo_home_page(LoginStepdef.java:35)] - website opens
2020-04-07 15:39:46.090 DEBUG [main] [com.cts.pages.LoginPage] [the_user_login_using_and] [com.cts.Stepdefinition.LoginStepdef.the_user_login_using_and(LoginStepdef.java:42)] - enter username and password
2020-04-07 15:40:08.428 INFO [main] [com.cts.pages.LoginPage] [click_on_the_login_button_user_nagivate_to_the_next_page] [com.cts.Stepdefinition.LoginStepdef.click_on_the_login_button_user_nagivate_to_the_next_page(LoginStepdef.java:51)] - login successfully
